{"/Users/remyorans/hackreactor/casual-checkout-service/client/components/app.jsx": {"path":"/Users/remyorans/hackreactor/casual-checkout-service/client/components/app.jsx","statementMap":{"0":{"start":{"line":10,"column":20},"end":{"line":57,"column":1}},"1":{"start":{"line":58,"column":19},"end":{"line":61,"column":1}},"2":{"start":{"line":63,"column":20},"end":{"line":66,"column":1}},"3":{"start":{"line":68,"column":18},"end":{"line":74,"column":1}},"4":{"start":{"line":76,"column":21},"end":{"line":79,"column":1}},"5":{"start":{"line":81,"column":23},"end":{"line":84,"column":1}},"6":{"start":{"line":88,"column":4},"end":{"line":88,"column":17}},"7":{"start":{"line":89,"column":4},"end":{"line":96,"column":6}},"8":{"start":{"line":97,"column":4},"end":{"line":97,"column":53}},"9":{"start":{"line":98,"column":4},"end":{"line":98,"column":49}},"10":{"start":{"line":99,"column":4},"end":{"line":99,"column":45}},"11":{"start":{"line":103,"column":4},"end":{"line":103,"column":59}},"12":{"start":{"line":104,"column":4},"end":{"line":104,"column":20}},"13":{"start":{"line":108,"column":4},"end":{"line":108,"column":62}},"14":{"start":{"line":112,"column":4},"end":{"line":112,"column":59}},"15":{"start":{"line":116,"column":4},"end":{"line":127,"column":7}},"16":{"start":{"line":117,"column":29},"end":{"line":117,"column":33}},"17":{"start":{"line":118,"column":6},"end":{"line":118,"column":31}},"18":{"start":{"line":119,"column":6},"end":{"line":122,"column":9}},"19":{"start":{"line":123,"column":6},"end":{"line":123,"column":43}},"20":{"start":{"line":124,"column":6},"end":{"line":124,"column":38}},"21":{"start":{"line":126,"column":6},"end":{"line":126,"column":23}},"22":{"start":{"line":131,"column":4},"end":{"line":133,"column":6}},"23":{"start":{"line":137,"column":4},"end":{"line":141,"column":5}},"24":{"start":{"line":138,"column":6},"end":{"line":140,"column":9}},"25":{"start":{"line":142,"column":4},"end":{"line":144,"column":7}},"26":{"start":{"line":148,"column":4},"end":{"line":150,"column":7}},"27":{"start":{"line":154,"column":62},"end":{"line":154,"column":72}},"28":{"start":{"line":155,"column":4},"end":{"line":177,"column":6}}},"fnMap":{"0":{"name":"(anonymous_0)","decl":{"start":{"line":87,"column":2},"end":{"line":87,"column":3}},"loc":{"start":{"line":87,"column":21},"end":{"line":100,"column":3}},"line":87},"1":{"name":"(anonymous_1)","decl":{"start":{"line":102,"column":2},"end":{"line":102,"column":3}},"loc":{"start":{"line":102,"column":22},"end":{"line":105,"column":3}},"line":102},"2":{"name":"(anonymous_2)","decl":{"start":{"line":107,"column":2},"end":{"line":107,"column":3}},"loc":{"start":{"line":107,"column":25},"end":{"line":109,"column":3}},"line":107},"3":{"name":"(anonymous_3)","decl":{"start":{"line":111,"column":2},"end":{"line":111,"column":3}},"loc":{"start":{"line":111,"column":17},"end":{"line":113,"column":3}},"line":111},"4":{"name":"(anonymous_4)","decl":{"start":{"line":115,"column":2},"end":{"line":115,"column":3}},"loc":{"start":{"line":115,"column":14},"end":{"line":128,"column":3}},"line":115},"5":{"name":"(anonymous_5)","decl":{"start":{"line":116,"column":41},"end":{"line":116,"column":42}},"loc":{"start":{"line":116,"column":55},"end":{"line":125,"column":5}},"line":116},"6":{"name":"(anonymous_6)","decl":{"start":{"line":125,"column":13},"end":{"line":125,"column":14}},"loc":{"start":{"line":125,"column":20},"end":{"line":127,"column":5}},"line":125},"7":{"name":"(anonymous_7)","decl":{"start":{"line":130,"column":2},"end":{"line":130,"column":3}},"loc":{"start":{"line":130,"column":18},"end":{"line":134,"column":3}},"line":130},"8":{"name":"(anonymous_8)","decl":{"start":{"line":136,"column":2},"end":{"line":136,"column":3}},"loc":{"start":{"line":136,"column":47},"end":{"line":145,"column":3}},"line":136},"9":{"name":"(anonymous_9)","decl":{"start":{"line":147,"column":2},"end":{"line":147,"column":3}},"loc":{"start":{"line":147,"column":23},"end":{"line":151,"column":3}},"line":147},"10":{"name":"(anonymous_10)","decl":{"start":{"line":153,"column":2},"end":{"line":153,"column":3}},"loc":{"start":{"line":153,"column":11},"end":{"line":178,"column":3}},"line":153}},"branchMap":{"0":{"loc":{"start":{"line":112,"column":11},"end":{"line":112,"column":59}},"type":"cond-expr","locations":[{"start":{"line":112,"column":41},"end":{"line":112,"column":51}},{"start":{"line":112,"column":54},"end":{"line":112,"column":59}}],"line":112},"1":{"loc":{"start":{"line":137,"column":4},"end":{"line":141,"column":5}},"type":"if","locations":[{"start":{"line":137,"column":4},"end":{"line":141,"column":5}},{"start":{"line":137,"column":4},"end":{"line":141,"column":5}}],"line":137}},"s":{"0":1,"1":1,"2":1,"3":1,"4":1,"5":1,"6":5,"7":5,"8":5,"9":5,"10":5,"11":5,"12":5,"13":0,"14":5,"15":5,"16":0,"17":0,"18":0,"19":0,"20":0,"21":0,"22":0,"23":0,"24":0,"25":0,"26":0,"27":5,"28":5},"f":{"0":5,"1":5,"2":0,"3":5,"4":5,"5":0,"6":0,"7":0,"8":0,"9":0,"10":5},"b":{"0":[0,5],"1":[0,0]},"_coverageSchema":"1a1c01bbd47fc00a2c39e90264f33305004495a9","hash":"8cbc72d2aac19bc0e08f8d5f7692512afa6e2626"}
,"/Users/remyorans/hackreactor/casual-checkout-service/client/components/calendarBox.jsx": {"path":"/Users/remyorans/hackreactor/casual-checkout-service/client/components/calendarBox.jsx","statementMap":{"0":{"start":{"line":6,"column":12},"end":{"line":18,"column":1}},"1":{"start":{"line":19,"column":18},"end":{"line":23,"column":1}},"2":{"start":{"line":24,"column":17},"end":{"line":26,"column":1}},"3":{"start":{"line":27,"column":17},"end":{"line":31,"column":1}},"4":{"start":{"line":35,"column":4},"end":{"line":35,"column":17}},"5":{"start":{"line":36,"column":4},"end":{"line":36,"column":40}},"6":{"start":{"line":37,"column":4},"end":{"line":37,"column":65}},"7":{"start":{"line":38,"column":4},"end":{"line":38,"column":47}},"8":{"start":{"line":39,"column":41},"end":{"line":39,"column":51}},"9":{"start":{"line":40,"column":4},"end":{"line":44,"column":6}},"10":{"start":{"line":48,"column":4},"end":{"line":48,"column":68}},"11":{"start":{"line":52,"column":4},"end":{"line":52,"column":71}},"12":{"start":{"line":56,"column":27},"end":{"line":56,"column":37}},"13":{"start":{"line":57,"column":4},"end":{"line":59,"column":5}},"14":{"start":{"line":58,"column":6},"end":{"line":58,"column":36}},"15":{"start":{"line":63,"column":4},"end":{"line":67,"column":5}},"16":{"start":{"line":64,"column":6},"end":{"line":66,"column":9}},"17":{"start":{"line":68,"column":29},"end":{"line":68,"column":39}},"18":{"start":{"line":69,"column":37},"end":{"line":69,"column":47}},"19":{"start":{"line":70,"column":24},"end":{"line":70,"column":31}},"20":{"start":{"line":73,"column":4},"end":{"line":86,"column":5}},"21":{"start":{"line":74,"column":29},"end":{"line":74,"column":40}},"22":{"start":{"line":75,"column":28},"end":{"line":75,"column":66}},"23":{"start":{"line":76,"column":28},"end":{"line":76,"column":86}},"24":{"start":{"line":76,"column":62},"end":{"line":76,"column":85}},"25":{"start":{"line":77,"column":28},"end":{"line":77,"column":40}},"26":{"start":{"line":78,"column":6},"end":{"line":85,"column":7}},"27":{"start":{"line":79,"column":8},"end":{"line":84,"column":11}},"28":{"start":{"line":87,"column":4},"end":{"line":87,"column":32}},"29":{"start":{"line":91,"column":28},"end":{"line":91,"column":30}},"30":{"start":{"line":92,"column":29},"end":{"line":92,"column":39}},"31":{"start":{"line":93,"column":4},"end":{"line":95,"column":7}},"32":{"start":{"line":94,"column":6},"end":{"line":94,"column":34}},"33":{"start":{"line":96,"column":4},"end":{"line":96,"column":27}},"34":{"start":{"line":100,"column":76},"end":{"line":100,"column":86}},"35":{"start":{"line":104,"column":8},"end":{"line":104,"column":18}},"36":{"start":{"line":105,"column":4},"end":{"line":128,"column":6}}},"fnMap":{"0":{"name":"(anonymous_0)","decl":{"start":{"line":34,"column":2},"end":{"line":34,"column":3}},"loc":{"start":{"line":34,"column":21},"end":{"line":45,"column":3}},"line":34},"1":{"name":"(anonymous_1)","decl":{"start":{"line":47,"column":2},"end":{"line":47,"column":3}},"loc":{"start":{"line":47,"column":22},"end":{"line":49,"column":3}},"line":47},"2":{"name":"(anonymous_2)","decl":{"start":{"line":51,"column":2},"end":{"line":51,"column":3}},"loc":{"start":{"line":51,"column":25},"end":{"line":53,"column":3}},"line":51},"3":{"name":"(anonymous_3)","decl":{"start":{"line":55,"column":2},"end":{"line":55,"column":3}},"loc":{"start":{"line":55,"column":28},"end":{"line":60,"column":3}},"line":55},"4":{"name":"(anonymous_4)","decl":{"start":{"line":62,"column":2},"end":{"line":62,"column":3}},"loc":{"start":{"line":62,"column":28},"end":{"line":88,"column":3}},"line":62},"5":{"name":"(anonymous_5)","decl":{"start":{"line":76,"column":49},"end":{"line":76,"column":50}},"loc":{"start":{"line":76,"column":62},"end":{"line":76,"column":85}},"line":76},"6":{"name":"(anonymous_6)","decl":{"start":{"line":90,"column":2},"end":{"line":90,"column":3}},"loc":{"start":{"line":90,"column":24},"end":{"line":97,"column":3}},"line":90},"7":{"name":"(anonymous_7)","decl":{"start":{"line":93,"column":25},"end":{"line":93,"column":26}},"loc":{"start":{"line":93,"column":36},"end":{"line":95,"column":5}},"line":93},"8":{"name":"(anonymous_8)","decl":{"start":{"line":99,"column":2},"end":{"line":99,"column":3}},"loc":{"start":{"line":99,"column":11},"end":{"line":129,"column":3}},"line":99}},"branchMap":{"0":{"loc":{"start":{"line":57,"column":4},"end":{"line":59,"column":5}},"type":"if","locations":[{"start":{"line":57,"column":4},"end":{"line":59,"column":5}},{"start":{"line":57,"column":4},"end":{"line":59,"column":5}}],"line":57},"1":{"loc":{"start":{"line":57,"column":8},"end":{"line":57,"column":74}},"type":"binary-expr","locations":[{"start":{"line":57,"column":8},"end":{"line":57,"column":23}},{"start":{"line":57,"column":27},"end":{"line":57,"column":74}}],"line":57},"2":{"loc":{"start":{"line":63,"column":4},"end":{"line":67,"column":5}},"type":"if","locations":[{"start":{"line":63,"column":4},"end":{"line":67,"column":5}},{"start":{"line":63,"column":4},"end":{"line":67,"column":5}}],"line":63},"3":{"loc":{"start":{"line":73,"column":4},"end":{"line":86,"column":5}},"type":"if","locations":[{"start":{"line":73,"column":4},"end":{"line":86,"column":5}},{"start":{"line":73,"column":4},"end":{"line":86,"column":5}}],"line":73},"4":{"loc":{"start":{"line":78,"column":6},"end":{"line":85,"column":7}},"type":"if","locations":[{"start":{"line":78,"column":6},"end":{"line":85,"column":7}},{"start":{"line":78,"column":6},"end":{"line":85,"column":7}}],"line":78},"5":{"loc":{"start":{"line":78,"column":10},"end":{"line":78,"column":75}},"type":"binary-expr","locations":[{"start":{"line":78,"column":10},"end":{"line":78,"column":48}},{"start":{"line":78,"column":52},"end":{"line":78,"column":75}}],"line":78}},"s":{"0":1,"1":1,"2":1,"3":1,"4":0,"5":0,"6":0,"7":0,"8":0,"9":0,"10":0,"11":0,"12":0,"13":0,"14":0,"15":0,"16":0,"17":0,"18":0,"19":0,"20":0,"21":0,"22":0,"23":0,"24":0,"25":0,"26":0,"27":0,"28":0,"29":0,"30":0,"31":0,"32":0,"33":0,"34":0,"35":0,"36":0},"f":{"0":0,"1":0,"2":0,"3":0,"4":0,"5":0,"6":0,"7":0,"8":0},"b":{"0":[0,0],"1":[0,0],"2":[0,0],"3":[0,0],"4":[0,0],"5":[0,0]},"_coverageSchema":"1a1c01bbd47fc00a2c39e90264f33305004495a9","hash":"dffd9c1fd65274b90e75bf95e84e147dbcd1ad73"}
,"/Users/remyorans/hackreactor/casual-checkout-service/client/components/calendarBoxInput.jsx": {"path":"/Users/remyorans/hackreactor/casual-checkout-service/client/components/calendarBoxInput.jsx","statementMap":{"0":{"start":{"line":4,"column":22},"end":{"line":12,"column":1}},"1":{"start":{"line":14,"column":18},"end":{"line":18,"column":1}},"2":{"start":{"line":20,"column":21},"end":{"line":38,"column":1}},"3":{"start":{"line":36,"column":27},"end":{"line":36,"column":103}},"4":{"start":{"line":37,"column":33},"end":{"line":37,"column":97}},"5":{"start":{"line":40,"column":22},"end":{"line":58,"column":1}},"6":{"start":{"line":56,"column":27},"end":{"line":56,"column":104}},"7":{"start":{"line":57,"column":33},"end":{"line":57,"column":98}},"8":{"start":{"line":60,"column":19},"end":{"line":77,"column":1}},"9":{"start":{"line":79,"column":14},"end":{"line":93,"column":1}},"10":{"start":{"line":95,"column":23},"end":{"line":101,"column":1}},"11":{"start":{"line":104,"column":4},"end":{"line":104,"column":17}},"12":{"start":{"line":105,"column":22},"end":{"line":105,"column":32}},"13":{"start":{"line":106,"column":4},"end":{"line":108,"column":6}},"14":{"start":{"line":109,"column":4},"end":{"line":109,"column":49}},"15":{"start":{"line":113,"column":25},"end":{"line":113,"column":35}},"16":{"start":{"line":117,"column":4},"end":{"line":117,"column":25}},"17":{"start":{"line":121,"column":59},"end":{"line":121,"column":69}},"18":{"start":{"line":122,"column":20},"end":{"line":122,"column":95}},"19":{"start":{"line":123,"column":21},"end":{"line":123,"column":99}},"20":{"start":{"line":124,"column":4},"end":{"line":139,"column":6}},"21":{"start":{"line":127,"column":53},"end":{"line":127,"column":79}},"22":{"start":{"line":133,"column":54},"end":{"line":133,"column":81}}},"fnMap":{"0":{"name":"(anonymous_0)","decl":{"start":{"line":36,"column":16},"end":{"line":36,"column":17}},"loc":{"start":{"line":36,"column":27},"end":{"line":36,"column":103}},"line":36},"1":{"name":"(anonymous_1)","decl":{"start":{"line":37,"column":22},"end":{"line":37,"column":23}},"loc":{"start":{"line":37,"column":33},"end":{"line":37,"column":97}},"line":37},"2":{"name":"(anonymous_2)","decl":{"start":{"line":56,"column":16},"end":{"line":56,"column":17}},"loc":{"start":{"line":56,"column":27},"end":{"line":56,"column":104}},"line":56},"3":{"name":"(anonymous_3)","decl":{"start":{"line":57,"column":22},"end":{"line":57,"column":23}},"loc":{"start":{"line":57,"column":33},"end":{"line":57,"column":98}},"line":57},"4":{"name":"(anonymous_4)","decl":{"start":{"line":103,"column":2},"end":{"line":103,"column":3}},"loc":{"start":{"line":103,"column":21},"end":{"line":110,"column":3}},"line":103},"5":{"name":"(anonymous_5)","decl":{"start":{"line":112,"column":2},"end":{"line":112,"column":3}},"loc":{"start":{"line":112,"column":25},"end":{"line":118,"column":3}},"line":112},"6":{"name":"(anonymous_6)","decl":{"start":{"line":120,"column":2},"end":{"line":120,"column":3}},"loc":{"start":{"line":120,"column":11},"end":{"line":140,"column":3}},"line":120},"7":{"name":"(anonymous_7)","decl":{"start":{"line":127,"column":47},"end":{"line":127,"column":48}},"loc":{"start":{"line":127,"column":53},"end":{"line":127,"column":79}},"line":127},"8":{"name":"(anonymous_8)","decl":{"start":{"line":133,"column":48},"end":{"line":133,"column":49}},"loc":{"start":{"line":133,"column":54},"end":{"line":133,"column":81}},"line":133}},"branchMap":{"0":{"loc":{"start":{"line":36,"column":27},"end":{"line":36,"column":103}},"type":"cond-expr","locations":[{"start":{"line":36,"column":55},"end":{"line":36,"column":94}},{"start":{"line":36,"column":97},"end":{"line":36,"column":103}}],"line":36},"1":{"loc":{"start":{"line":37,"column":33},"end":{"line":37,"column":97}},"type":"cond-expr","locations":[{"start":{"line":37,"column":61},"end":{"line":37,"column":81}},{"start":{"line":37,"column":84},"end":{"line":37,"column":97}}],"line":37},"2":{"loc":{"start":{"line":56,"column":27},"end":{"line":56,"column":104}},"type":"cond-expr","locations":[{"start":{"line":56,"column":56},"end":{"line":56,"column":95}},{"start":{"line":56,"column":98},"end":{"line":56,"column":104}}],"line":56},"3":{"loc":{"start":{"line":57,"column":33},"end":{"line":57,"column":98}},"type":"cond-expr","locations":[{"start":{"line":57,"column":62},"end":{"line":57,"column":82}},{"start":{"line":57,"column":85},"end":{"line":57,"column":98}}],"line":57},"4":{"loc":{"start":{"line":122,"column":20},"end":{"line":122,"column":95}},"type":"cond-expr","locations":[{"start":{"line":122,"column":40},"end":{"line":122,"column":90}},{"start":{"line":122,"column":93},"end":{"line":122,"column":95}}],"line":122},"5":{"loc":{"start":{"line":123,"column":21},"end":{"line":123,"column":99}},"type":"cond-expr","locations":[{"start":{"line":123,"column":42},"end":{"line":123,"column":94}},{"start":{"line":123,"column":97},"end":{"line":123,"column":99}}],"line":123}},"s":{"0":1,"1":1,"2":1,"3":0,"4":0,"5":1,"6":0,"7":0,"8":1,"9":1,"10":1,"11":0,"12":0,"13":0,"14":0,"15":0,"16":0,"17":0,"18":0,"19":0,"20":0,"21":0,"22":0},"f":{"0":0,"1":0,"2":0,"3":0,"4":0,"5":0,"6":0,"7":0,"8":0},"b":{"0":[0,0],"1":[0,0],"2":[0,0],"3":[0,0],"4":[0,0],"5":[0,0]},"_coverageSchema":"1a1c01bbd47fc00a2c39e90264f33305004495a9","hash":"e88cbeb3982eaf88e1b2a33e2052c7e1181859eb"}
,"/Users/remyorans/hackreactor/casual-checkout-service/client/components/calendarCarousel.jsx": {"path":"/Users/remyorans/hackreactor/casual-checkout-service/client/components/calendarCarousel.jsx","statementMap":{"0":{"start":{"line":5,"column":34},"end":{"line":11,"column":1}},"1":{"start":{"line":9,"column":37},"end":{"line":9,"column":52}},"2":{"start":{"line":13,"column":26},"end":{"line":17,"column":1}},"3":{"start":{"line":18,"column":19},"end":{"line":23,"column":1}},"4":{"start":{"line":25,"column":20},"end":{"line":30,"column":1}},"5":{"start":{"line":34,"column":4},"end":{"line":34,"column":17}},"6":{"start":{"line":35,"column":4},"end":{"line":37,"column":6}},"7":{"start":{"line":38,"column":4},"end":{"line":51,"column":6}},"8":{"start":{"line":52,"column":4},"end":{"line":52,"column":55}},"9":{"start":{"line":53,"column":4},"end":{"line":53,"column":57}},"10":{"start":{"line":57,"column":4},"end":{"line":59,"column":8}},"11":{"start":{"line":57,"column":28},"end":{"line":59,"column":5}},"12":{"start":{"line":63,"column":4},"end":{"line":65,"column":8}},"13":{"start":{"line":63,"column":28},"end":{"line":65,"column":5}},"14":{"start":{"line":69,"column":56},"end":{"line":69,"column":66}},"15":{"start":{"line":70,"column":60},"end":{"line":70,"column":70}},"16":{"start":{"line":71,"column":26},"end":{"line":71,"column":36}},"17":{"start":{"line":72,"column":4},"end":{"line":93,"column":6}},"18":{"start":{"line":78,"column":12},"end":{"line":88,"column":14}}},"fnMap":{"0":{"name":"(anonymous_0)","decl":{"start":{"line":9,"column":26},"end":{"line":9,"column":27}},"loc":{"start":{"line":9,"column":37},"end":{"line":9,"column":52}},"line":9},"1":{"name":"(anonymous_1)","decl":{"start":{"line":33,"column":2},"end":{"line":33,"column":3}},"loc":{"start":{"line":33,"column":21},"end":{"line":54,"column":3}},"line":33},"2":{"name":"(anonymous_2)","decl":{"start":{"line":56,"column":2},"end":{"line":56,"column":3}},"loc":{"start":{"line":56,"column":18},"end":{"line":60,"column":3}},"line":56},"3":{"name":"(anonymous_3)","decl":{"start":{"line":57,"column":18},"end":{"line":57,"column":19}},"loc":{"start":{"line":57,"column":28},"end":{"line":59,"column":5}},"line":57},"4":{"name":"(anonymous_4)","decl":{"start":{"line":62,"column":2},"end":{"line":62,"column":3}},"loc":{"start":{"line":62,"column":19},"end":{"line":66,"column":3}},"line":62},"5":{"name":"(anonymous_5)","decl":{"start":{"line":63,"column":18},"end":{"line":63,"column":19}},"loc":{"start":{"line":63,"column":28},"end":{"line":65,"column":5}},"line":63},"6":{"name":"(anonymous_6)","decl":{"start":{"line":68,"column":2},"end":{"line":68,"column":3}},"loc":{"start":{"line":68,"column":11},"end":{"line":94,"column":3}},"line":68},"7":{"name":"(anonymous_7)","decl":{"start":{"line":77,"column":28},"end":{"line":77,"column":29}},"loc":{"start":{"line":78,"column":12},"end":{"line":88,"column":14}},"line":78}},"branchMap":{},"s":{"0":1,"1":0,"2":1,"3":1,"4":1,"5":0,"6":0,"7":0,"8":0,"9":0,"10":0,"11":0,"12":0,"13":0,"14":0,"15":0,"16":0,"17":0,"18":0},"f":{"0":0,"1":0,"2":0,"3":0,"4":0,"5":0,"6":0,"7":0},"b":{},"_coverageSchema":"1a1c01bbd47fc00a2c39e90264f33305004495a9","hash":"9d878123fde957c4fe409e5fcd021a684aafbc52"}
,"/Users/remyorans/hackreactor/casual-checkout-service/client/components/calendarCell.jsx": {"path":"/Users/remyorans/hackreactor/casual-checkout-service/client/components/calendarCell.jsx","statementMap":{"0":{"start":{"line":4,"column":11},"end":{"line":11,"column":1}},"1":{"start":{"line":5,"column":30},"end":{"line":5,"column":70}},"2":{"start":{"line":7,"column":20},"end":{"line":7,"column":77}},"3":{"start":{"line":8,"column":26},"end":{"line":8,"column":56}},"4":{"start":{"line":13,"column":13},"end":{"line":32,"column":1}},"5":{"start":{"line":34,"column":14},"end":{"line":49,"column":1}},"6":{"start":{"line":51,"column":24},"end":{"line":66,"column":1}},"7":{"start":{"line":68,"column":20},"end":{"line":85,"column":1}},"8":{"start":{"line":89,"column":4},"end":{"line":89,"column":17}},"9":{"start":{"line":90,"column":4},"end":{"line":90,"column":51}},"10":{"start":{"line":94,"column":32},"end":{"line":94,"column":42}},"11":{"start":{"line":95,"column":25},"end":{"line":95,"column":35}},"12":{"start":{"line":96,"column":27},"end":{"line":96,"column":35}},"13":{"start":{"line":97,"column":4},"end":{"line":97,"column":32}},"14":{"start":{"line":101,"column":74},"end":{"line":101,"column":84}},"15":{"start":{"line":102,"column":4},"end":{"line":161,"column":5}},"16":{"start":{"line":103,"column":40},"end":{"line":103,"column":48}},"17":{"start":{"line":104,"column":25},"end":{"line":104,"column":42}},"18":{"start":{"line":105,"column":23},"end":{"line":105,"column":38}},"19":{"start":{"line":106,"column":25},"end":{"line":106,"column":40}},"20":{"start":{"line":107,"column":23},"end":{"line":107,"column":36}},"21":{"start":{"line":108,"column":6},"end":{"line":116,"column":7}},"22":{"start":{"line":109,"column":8},"end":{"line":115,"column":10}},"23":{"start":{"line":117,"column":6},"end":{"line":129,"column":7}},"24":{"start":{"line":118,"column":8},"end":{"line":128,"column":10}},"25":{"start":{"line":122,"column":34},"end":{"line":122,"column":55}},"26":{"start":{"line":123,"column":34},"end":{"line":123,"column":45}},"27":{"start":{"line":130,"column":6},"end":{"line":142,"column":7}},"28":{"start":{"line":131,"column":8},"end":{"line":141,"column":10}},"29":{"start":{"line":135,"column":34},"end":{"line":135,"column":55}},"30":{"start":{"line":136,"column":34},"end":{"line":136,"column":45}},"31":{"start":{"line":143,"column":6},"end":{"line":155,"column":7}},"32":{"start":{"line":144,"column":8},"end":{"line":154,"column":10}},"33":{"start":{"line":148,"column":34},"end":{"line":148,"column":55}},"34":{"start":{"line":149,"column":34},"end":{"line":149,"column":45}},"35":{"start":{"line":156,"column":6},"end":{"line":160,"column":8}},"36":{"start":{"line":162,"column":4},"end":{"line":164,"column":6}}},"fnMap":{"0":{"name":"(anonymous_0)","decl":{"start":{"line":5,"column":21},"end":{"line":5,"column":22}},"loc":{"start":{"line":5,"column":30},"end":{"line":5,"column":70}},"line":5},"1":{"name":"(anonymous_1)","decl":{"start":{"line":7,"column":11},"end":{"line":7,"column":12}},"loc":{"start":{"line":7,"column":20},"end":{"line":7,"column":77}},"line":7},"2":{"name":"(anonymous_2)","decl":{"start":{"line":8,"column":17},"end":{"line":8,"column":18}},"loc":{"start":{"line":8,"column":26},"end":{"line":8,"column":56}},"line":8},"3":{"name":"(anonymous_3)","decl":{"start":{"line":88,"column":2},"end":{"line":88,"column":3}},"loc":{"start":{"line":88,"column":21},"end":{"line":91,"column":3}},"line":88},"4":{"name":"(anonymous_4)","decl":{"start":{"line":93,"column":2},"end":{"line":93,"column":3}},"loc":{"start":{"line":93,"column":16},"end":{"line":98,"column":3}},"line":93},"5":{"name":"(anonymous_5)","decl":{"start":{"line":100,"column":2},"end":{"line":100,"column":3}},"loc":{"start":{"line":100,"column":11},"end":{"line":165,"column":3}},"line":100},"6":{"name":"(anonymous_6)","decl":{"start":{"line":122,"column":28},"end":{"line":122,"column":29}},"loc":{"start":{"line":122,"column":34},"end":{"line":122,"column":55}},"line":122},"7":{"name":"(anonymous_7)","decl":{"start":{"line":123,"column":28},"end":{"line":123,"column":29}},"loc":{"start":{"line":123,"column":34},"end":{"line":123,"column":45}},"line":123},"8":{"name":"(anonymous_8)","decl":{"start":{"line":135,"column":28},"end":{"line":135,"column":29}},"loc":{"start":{"line":135,"column":34},"end":{"line":135,"column":55}},"line":135},"9":{"name":"(anonymous_9)","decl":{"start":{"line":136,"column":28},"end":{"line":136,"column":29}},"loc":{"start":{"line":136,"column":34},"end":{"line":136,"column":45}},"line":136},"10":{"name":"(anonymous_10)","decl":{"start":{"line":148,"column":28},"end":{"line":148,"column":29}},"loc":{"start":{"line":148,"column":34},"end":{"line":148,"column":55}},"line":148},"11":{"name":"(anonymous_11)","decl":{"start":{"line":149,"column":28},"end":{"line":149,"column":29}},"loc":{"start":{"line":149,"column":34},"end":{"line":149,"column":45}},"line":149}},"branchMap":{"0":{"loc":{"start":{"line":5,"column":30},"end":{"line":5,"column":70}},"type":"cond-expr","locations":[{"start":{"line":5,"column":47},"end":{"line":5,"column":61}},{"start":{"line":5,"column":64},"end":{"line":5,"column":70}}],"line":5},"1":{"loc":{"start":{"line":7,"column":20},"end":{"line":7,"column":77}},"type":"cond-expr","locations":[{"start":{"line":7,"column":37},"end":{"line":7,"column":57}},{"start":{"line":7,"column":60},"end":{"line":7,"column":77}}],"line":7},"2":{"loc":{"start":{"line":8,"column":26},"end":{"line":8,"column":56}},"type":"cond-expr","locations":[{"start":{"line":8,"column":43},"end":{"line":8,"column":48}},{"start":{"line":8,"column":51},"end":{"line":8,"column":56}}],"line":8},"3":{"loc":{"start":{"line":102,"column":4},"end":{"line":161,"column":5}},"type":"if","locations":[{"start":{"line":102,"column":4},"end":{"line":161,"column":5}},{"start":{"line":102,"column":4},"end":{"line":161,"column":5}}],"line":102},"4":{"loc":{"start":{"line":108,"column":6},"end":{"line":116,"column":7}},"type":"if","locations":[{"start":{"line":108,"column":6},"end":{"line":116,"column":7}},{"start":{"line":108,"column":6},"end":{"line":116,"column":7}}],"line":108},"5":{"loc":{"start":{"line":108,"column":10},"end":{"line":108,"column":114}},"type":"binary-expr","locations":[{"start":{"line":108,"column":11},"end":{"line":108,"column":31}},{"start":{"line":108,"column":35},"end":{"line":108,"column":51}},{"start":{"line":108,"column":57},"end":{"line":108,"column":85}},{"start":{"line":108,"column":89},"end":{"line":108,"column":113}}],"line":108},"6":{"loc":{"start":{"line":117,"column":6},"end":{"line":129,"column":7}},"type":"if","locations":[{"start":{"line":117,"column":6},"end":{"line":129,"column":7}},{"start":{"line":117,"column":6},"end":{"line":129,"column":7}}],"line":117},"7":{"loc":{"start":{"line":117,"column":10},"end":{"line":117,"column":89}},"type":"binary-expr","locations":[{"start":{"line":117,"column":10},"end":{"line":117,"column":29}},{"start":{"line":117,"column":33},"end":{"line":117,"column":52}},{"start":{"line":117,"column":56},"end":{"line":117,"column":70}},{"start":{"line":117,"column":74},"end":{"line":117,"column":89}}],"line":117},"8":{"loc":{"start":{"line":130,"column":6},"end":{"line":142,"column":7}},"type":"if","locations":[{"start":{"line":130,"column":6},"end":{"line":142,"column":7}},{"start":{"line":130,"column":6},"end":{"line":142,"column":7}}],"line":130},"9":{"loc":{"start":{"line":130,"column":10},"end":{"line":130,"column":104}},"type":"binary-expr","locations":[{"start":{"line":130,"column":10},"end":{"line":130,"column":29}},{"start":{"line":130,"column":33},"end":{"line":130,"column":60}},{"start":{"line":130,"column":64},"end":{"line":130,"column":78}},{"start":{"line":130,"column":82},"end":{"line":130,"column":104}}],"line":130},"10":{"loc":{"start":{"line":143,"column":6},"end":{"line":155,"column":7}},"type":"if","locations":[{"start":{"line":143,"column":6},"end":{"line":155,"column":7}},{"start":{"line":143,"column":6},"end":{"line":155,"column":7}}],"line":143}},"s":{"0":1,"1":0,"2":0,"3":0,"4":1,"5":1,"6":1,"7":1,"8":0,"9":0,"10":0,"11":0,"12":0,"13":0,"14":0,"15":0,"16":0,"17":0,"18":0,"19":0,"20":0,"21":0,"22":0,"23":0,"24":0,"25":0,"26":0,"27":0,"28":0,"29":0,"30":0,"31":0,"32":0,"33":0,"34":0,"35":0,"36":0},"f":{"0":0,"1":0,"2":0,"3":0,"4":0,"5":0,"6":0,"7":0,"8":0,"9":0,"10":0,"11":0},"b":{"0":[0,0],"1":[0,0],"2":[0,0],"3":[0,0],"4":[0,0],"5":[0,0,0,0],"6":[0,0],"7":[0,0,0,0],"8":[0,0],"9":[0,0,0,0],"10":[0,0]},"_coverageSchema":"1a1c01bbd47fc00a2c39e90264f33305004495a9","hash":"997027bf4b12082fd9a8b855bd07424673053e45"}
,"/Users/remyorans/hackreactor/casual-checkout-service/client/components/calendarRow.jsx": {"path":"/Users/remyorans/hackreactor/casual-checkout-service/client/components/calendarRow.jsx","statementMap":{"0":{"start":{"line":5,"column":20},"end":{"line":26,"column":1}},"1":{"start":{"line":6,"column":16},"end":{"line":6,"column":18}},"2":{"start":{"line":7,"column":2},"end":{"line":20,"column":3}},"3":{"start":{"line":7,"column":15},"end":{"line":7,"column":16}},"4":{"start":{"line":8,"column":4},"end":{"line":19,"column":5}},"5":{"start":{"line":9,"column":6},"end":{"line":16,"column":10}},"6":{"start":{"line":18,"column":6},"end":{"line":18,"column":35}},"7":{"start":{"line":21,"column":2},"end":{"line":25,"column":4}}},"fnMap":{"0":{"name":"(anonymous_0)","decl":{"start":{"line":5,"column":20},"end":{"line":5,"column":21}},"loc":{"start":{"line":5,"column":99},"end":{"line":26,"column":1}},"line":5}},"branchMap":{"0":{"loc":{"start":{"line":8,"column":4},"end":{"line":19,"column":5}},"type":"if","locations":[{"start":{"line":8,"column":4},"end":{"line":19,"column":5}},{"start":{"line":8,"column":4},"end":{"line":19,"column":5}}],"line":8}},"s":{"0":1,"1":0,"2":0,"3":0,"4":0,"5":0,"6":0,"7":0},"f":{"0":0},"b":{"0":[0,0]},"_coverageSchema":"1a1c01bbd47fc00a2c39e90264f33305004495a9","hash":"128afda9dfe05613eda989671ff342f7a9bf224b"}
,"/Users/remyorans/hackreactor/casual-checkout-service/client/components/calendarTable.jsx": {"path":"/Users/remyorans/hackreactor/casual-checkout-service/client/components/calendarTable.jsx","statementMap":{"0":{"start":{"line":5,"column":14},"end":{"line":13,"column":1}},"1":{"start":{"line":15,"column":18},"end":{"line":21,"column":1}},"2":{"start":{"line":23,"column":19},"end":{"line":27,"column":1}},"3":{"start":{"line":28,"column":23},"end":{"line":36,"column":1}},"4":{"start":{"line":37,"column":24},"end":{"line":41,"column":1}},"5":{"start":{"line":43,"column":17},"end":{"line":46,"column":1}},"6":{"start":{"line":48,"column":11},"end":{"line":54,"column":1}},"7":{"start":{"line":60,"column":109},"end":{"line":60,"column":119}},"8":{"start":{"line":61,"column":23},"end":{"line":61,"column":47}},"9":{"start":{"line":62,"column":22},"end":{"line":62,"column":23}},"10":{"start":{"line":63,"column":4},"end":{"line":68,"column":5}},"11":{"start":{"line":64,"column":6},"end":{"line":64,"column":53}},"12":{"start":{"line":65,"column":6},"end":{"line":67,"column":7}},"13":{"start":{"line":66,"column":8},"end":{"line":66,"column":25}},"14":{"start":{"line":69,"column":23},"end":{"line":69,"column":25}},"15":{"start":{"line":70,"column":4},"end":{"line":84,"column":5}},"16":{"start":{"line":71,"column":6},"end":{"line":83,"column":7}},"17":{"start":{"line":71,"column":29},"end":{"line":71,"column":47}},"18":{"start":{"line":73,"column":10},"end":{"line":81,"column":12}},"19":{"start":{"line":82,"column":8},"end":{"line":82,"column":34}},"20":{"start":{"line":85,"column":4},"end":{"line":110,"column":6}}},"fnMap":{"0":{"name":"(anonymous_0)","decl":{"start":{"line":59,"column":2},"end":{"line":59,"column":3}},"loc":{"start":{"line":59,"column":11},"end":{"line":111,"column":3}},"line":59},"1":{"name":"(anonymous_1)","decl":{"start":{"line":71,"column":21},"end":{"line":71,"column":22}},"loc":{"start":{"line":71,"column":29},"end":{"line":71,"column":47}},"line":71}},"branchMap":{"0":{"loc":{"start":{"line":65,"column":6},"end":{"line":67,"column":7}},"type":"if","locations":[{"start":{"line":65,"column":6},"end":{"line":67,"column":7}},{"start":{"line":65,"column":6},"end":{"line":67,"column":7}}],"line":65},"1":{"loc":{"start":{"line":71,"column":6},"end":{"line":83,"column":7}},"type":"if","locations":[{"start":{"line":71,"column":6},"end":{"line":83,"column":7}},{"start":{"line":71,"column":6},"end":{"line":83,"column":7}}],"line":71}},"s":{"0":1,"1":1,"2":1,"3":1,"4":1,"5":1,"6":1,"7":0,"8":0,"9":0,"10":0,"11":0,"12":0,"13":0,"14":0,"15":0,"16":0,"17":0,"18":0,"19":0,"20":0},"f":{"0":0,"1":0},"b":{"0":[0,0],"1":[0,0]},"_coverageSchema":"1a1c01bbd47fc00a2c39e90264f33305004495a9","hash":"0989ec7fec88ae0ce9e318d699e97389c289b7bf"}
,"/Users/remyorans/hackreactor/casual-checkout-service/client/components/checkoutBox.jsx": {"path":"/Users/remyorans/hackreactor/casual-checkout-service/client/components/checkoutBox.jsx","statementMap":{"0":{"start":{"line":5,"column":18},"end":{"line":20,"column":1}},"1":{"start":{"line":22,"column":17},"end":{"line":25,"column":1}},"2":{"start":{"line":29,"column":4},"end":{"line":29,"column":17}},"3":{"start":{"line":30,"column":4},"end":{"line":33,"column":6}},"4":{"start":{"line":34,"column":4},"end":{"line":34,"column":59}},"5":{"start":{"line":38,"column":22},"end":{"line":38,"column":32}},"6":{"start":{"line":39,"column":4},"end":{"line":53,"column":5}},"7":{"start":{"line":40,"column":6},"end":{"line":45,"column":9}},"8":{"start":{"line":47,"column":6},"end":{"line":52,"column":9}},"9":{"start":{"line":57,"column":96},"end":{"line":57,"column":106}},"10":{"start":{"line":58,"column":42},"end":{"line":58,"column":52}},"11":{"start":{"line":59,"column":4},"end":{"line":80,"column":6}}},"fnMap":{"0":{"name":"(anonymous_0)","decl":{"start":{"line":28,"column":2},"end":{"line":28,"column":3}},"loc":{"start":{"line":28,"column":21},"end":{"line":35,"column":3}},"line":28},"1":{"name":"(anonymous_1)","decl":{"start":{"line":37,"column":2},"end":{"line":37,"column":3}},"loc":{"start":{"line":37,"column":30},"end":{"line":54,"column":3}},"line":37},"2":{"name":"(anonymous_2)","decl":{"start":{"line":56,"column":2},"end":{"line":56,"column":3}},"loc":{"start":{"line":56,"column":11},"end":{"line":81,"column":3}},"line":56}},"branchMap":{"0":{"loc":{"start":{"line":39,"column":4},"end":{"line":53,"column":5}},"type":"if","locations":[{"start":{"line":39,"column":4},"end":{"line":53,"column":5}},{"start":{"line":39,"column":4},"end":{"line":53,"column":5}}],"line":39}},"s":{"0":1,"1":1,"2":1,"3":1,"4":1,"5":0,"6":0,"7":0,"8":0,"9":1,"10":1,"11":1},"f":{"0":1,"1":0,"2":1},"b":{"0":[0,0]},"_coverageSchema":"1a1c01bbd47fc00a2c39e90264f33305004495a9","hash":"31b72714480b05a9753fc441774dccc1cf2bcaf1"}
,"/Users/remyorans/hackreactor/casual-checkout-service/client/components/guestMenu.jsx": {"path":"/Users/remyorans/hackreactor/casual-checkout-service/client/components/guestMenu.jsx","statementMap":{"0":{"start":{"line":4,"column":12},"end":{"line":19,"column":1}},"1":{"start":{"line":23,"column":4},"end":{"line":23,"column":17}},"2":{"start":{"line":24,"column":4},"end":{"line":24,"column":40}},"3":{"start":{"line":25,"column":4},"end":{"line":25,"column":65}},"4":{"start":{"line":29,"column":4},"end":{"line":29,"column":68}},"5":{"start":{"line":33,"column":4},"end":{"line":33,"column":71}},"6":{"start":{"line":37,"column":27},"end":{"line":37,"column":37}},"7":{"start":{"line":38,"column":4},"end":{"line":40,"column":5}},"8":{"start":{"line":39,"column":6},"end":{"line":39,"column":33}},"9":{"start":{"line":44,"column":4},"end":{"line":48,"column":6}}},"fnMap":{"0":{"name":"(anonymous_0)","decl":{"start":{"line":22,"column":2},"end":{"line":22,"column":3}},"loc":{"start":{"line":22,"column":21},"end":{"line":26,"column":3}},"line":22},"1":{"name":"(anonymous_1)","decl":{"start":{"line":28,"column":2},"end":{"line":28,"column":3}},"loc":{"start":{"line":28,"column":22},"end":{"line":30,"column":3}},"line":28},"2":{"name":"(anonymous_2)","decl":{"start":{"line":32,"column":2},"end":{"line":32,"column":3}},"loc":{"start":{"line":32,"column":25},"end":{"line":34,"column":3}},"line":32},"3":{"name":"(anonymous_3)","decl":{"start":{"line":36,"column":2},"end":{"line":36,"column":3}},"loc":{"start":{"line":36,"column":28},"end":{"line":41,"column":3}},"line":36},"4":{"name":"(anonymous_4)","decl":{"start":{"line":43,"column":2},"end":{"line":43,"column":3}},"loc":{"start":{"line":43,"column":11},"end":{"line":49,"column":3}},"line":43}},"branchMap":{"0":{"loc":{"start":{"line":38,"column":4},"end":{"line":40,"column":5}},"type":"if","locations":[{"start":{"line":38,"column":4},"end":{"line":40,"column":5}},{"start":{"line":38,"column":4},"end":{"line":40,"column":5}}],"line":38},"1":{"loc":{"start":{"line":38,"column":8},"end":{"line":38,"column":74}},"type":"binary-expr","locations":[{"start":{"line":38,"column":8},"end":{"line":38,"column":23}},{"start":{"line":38,"column":27},"end":{"line":38,"column":74}}],"line":38}},"s":{"0":1,"1":0,"2":0,"3":0,"4":0,"5":0,"6":0,"7":0,"8":0,"9":0},"f":{"0":0,"1":0,"2":0,"3":0,"4":0},"b":{"0":[0,0],"1":[0,0]},"_coverageSchema":"1a1c01bbd47fc00a2c39e90264f33305004495a9","hash":"236b8bbd14c4de65e4904e3af0ea2379adc57601"}
,"/Users/remyorans/hackreactor/casual-checkout-service/client/components/inputBox.jsx": {"path":"/Users/remyorans/hackreactor/casual-checkout-service/client/components/inputBox.jsx","statementMap":{"0":{"start":{"line":6,"column":17},"end":{"line":12,"column":1}},"1":{"start":{"line":14,"column":18},"end":{"line":20,"column":1}},"2":{"start":{"line":22,"column":17},"end":{"line":25,"column":1}},"3":{"start":{"line":27,"column":12},"end":{"line":32,"column":1}},"4":{"start":{"line":34,"column":17},"end":{"line":70,"column":1}},"5":{"start":{"line":35,"column":71},"end":{"line":35,"column":76}},"6":{"start":{"line":36,"column":80},"end":{"line":36,"column":85}},"7":{"start":{"line":38,"column":4},"end":{"line":47,"column":6}},"8":{"start":{"line":49,"column":18},"end":{"line":49,"column":46}},"9":{"start":{"line":50,"column":22},"end":{"line":50,"column":81}},"10":{"start":{"line":51,"column":2},"end":{"line":69,"column":4}},"11":{"start":{"line":55,"column":35},"end":{"line":55,"column":74}},"12":{"start":{"line":60,"column":35},"end":{"line":60,"column":75}},"13":{"start":{"line":62,"column":33},"end":{"line":62,"column":58}}},"fnMap":{"0":{"name":"(anonymous_0)","decl":{"start":{"line":34,"column":17},"end":{"line":34,"column":18}},"loc":{"start":{"line":34,"column":28},"end":{"line":70,"column":1}},"line":34},"1":{"name":"(anonymous_1)","decl":{"start":{"line":55,"column":29},"end":{"line":55,"column":30}},"loc":{"start":{"line":55,"column":35},"end":{"line":55,"column":74}},"line":55},"2":{"name":"(anonymous_2)","decl":{"start":{"line":60,"column":29},"end":{"line":60,"column":30}},"loc":{"start":{"line":60,"column":35},"end":{"line":60,"column":75}},"line":60},"3":{"name":"(anonymous_3)","decl":{"start":{"line":62,"column":27},"end":{"line":62,"column":28}},"loc":{"start":{"line":62,"column":33},"end":{"line":62,"column":58}},"line":62}},"branchMap":{"0":{"loc":{"start":{"line":49,"column":18},"end":{"line":49,"column":46}},"type":"cond-expr","locations":[{"start":{"line":49,"column":35},"end":{"line":49,"column":38}},{"start":{"line":49,"column":41},"end":{"line":49,"column":46}}],"line":49},"1":{"loc":{"start":{"line":50,"column":22},"end":{"line":50,"column":81}},"type":"cond-expr","locations":[{"start":{"line":50,"column":36},"end":{"line":50,"column":73}},{"start":{"line":50,"column":76},"end":{"line":50,"column":81}}],"line":50}},"s":{"0":1,"1":1,"2":1,"3":1,"4":1,"5":1,"6":1,"7":1,"8":1,"9":1,"10":1,"11":0,"12":0,"13":0},"f":{"0":1,"1":0,"2":0,"3":0},"b":{"0":[0,1],"1":[0,1]},"_coverageSchema":"1a1c01bbd47fc00a2c39e90264f33305004495a9","hash":"dd268358c403def0abb11f915ace3fdfa56efc0a"}
,"/Users/remyorans/hackreactor/casual-checkout-service/client/components/navBar.jsx": {"path":"/Users/remyorans/hackreactor/casual-checkout-service/client/components/navBar.jsx","statementMap":{"0":{"start":{"line":4,"column":17},"end":{"line":15,"column":1}},"1":{"start":{"line":17,"column":15},"end":{"line":21,"column":1}},"2":{"start":{"line":18,"column":2},"end":{"line":20,"column":13}}},"fnMap":{"0":{"name":"(anonymous_0)","decl":{"start":{"line":17,"column":15},"end":{"line":17,"column":16}},"loc":{"start":{"line":18,"column":2},"end":{"line":20,"column":13}},"line":18}},"branchMap":{},"s":{"0":1,"1":1,"2":0},"f":{"0":0},"b":{},"_coverageSchema":"1a1c01bbd47fc00a2c39e90264f33305004495a9","hash":"4ce5b49b3fea1064ce8a52f8da9456b7100c0616"}
}
