TN:
SF:client/components/app.jsx
FN:87,(anonymous_0)
FN:102,(anonymous_1)
FN:107,(anonymous_2)
FN:111,(anonymous_3)
FN:115,(anonymous_4)
FN:116,(anonymous_5)
FN:125,(anonymous_6)
FN:130,(anonymous_7)
FN:136,(anonymous_8)
FN:147,(anonymous_9)
FN:153,(anonymous_10)
FNF:11
FNH:5
FNDA:5,(anonymous_0)
FNDA:5,(anonymous_1)
FNDA:0,(anonymous_2)
FNDA:5,(anonymous_3)
FNDA:5,(anonymous_4)
FNDA:0,(anonymous_5)
FNDA:0,(anonymous_6)
FNDA:0,(anonymous_7)
FNDA:0,(anonymous_8)
FNDA:0,(anonymous_9)
FNDA:5,(anonymous_10)
DA:10,1
DA:58,1
DA:63,1
DA:68,1
DA:76,1
DA:81,1
DA:88,5
DA:89,5
DA:97,5
DA:98,5
DA:99,5
DA:103,5
DA:104,5
DA:108,0
DA:112,5
DA:116,5
DA:117,0
DA:118,0
DA:119,0
DA:123,0
DA:124,0
DA:126,0
DA:131,0
DA:137,0
DA:138,0
DA:142,0
DA:148,0
DA:154,5
DA:155,5
LF:29
LH:17
BRDA:112,0,0,0
BRDA:112,0,1,5
BRDA:137,1,0,0
BRDA:137,1,1,0
BRF:4
BRH:1
end_of_record
TN:
SF:client/components/calendarBox.jsx
FN:34,(anonymous_0)
FN:47,(anonymous_1)
FN:51,(anonymous_2)
FN:55,(anonymous_3)
FN:62,(anonymous_4)
FN:76,(anonymous_5)
FN:90,(anonymous_6)
FN:93,(anonymous_7)
FN:99,(anonymous_8)
FNF:9
FNH:0
FNDA:0,(anonymous_0)
FNDA:0,(anonymous_1)
FNDA:0,(anonymous_2)
FNDA:0,(anonymous_3)
FNDA:0,(anonymous_4)
FNDA:0,(anonymous_5)
FNDA:0,(anonymous_6)
FNDA:0,(anonymous_7)
FNDA:0,(anonymous_8)
DA:6,1
DA:19,1
DA:24,1
DA:27,1
DA:35,0
DA:36,0
DA:37,0
DA:38,0
DA:39,0
DA:40,0
DA:48,0
DA:52,0
DA:56,0
DA:57,0
DA:58,0
DA:63,0
DA:64,0
DA:68,0
DA:69,0
DA:70,0
DA:73,0
DA:74,0
DA:75,0
DA:76,0
DA:77,0
DA:78,0
DA:79,0
DA:87,0
DA:91,0
DA:92,0
DA:93,0
DA:94,0
DA:96,0
DA:100,0
DA:104,0
DA:105,0
LF:36
LH:4
BRDA:57,0,0,0
BRDA:57,0,1,0
BRDA:57,1,0,0
BRDA:57,1,1,0
BRDA:63,2,0,0
BRDA:63,2,1,0
BRDA:73,3,0,0
BRDA:73,3,1,0
BRDA:78,4,0,0
BRDA:78,4,1,0
BRDA:78,5,0,0
BRDA:78,5,1,0
BRF:12
BRH:0
end_of_record
TN:
SF:client/components/calendarBoxInput.jsx
FN:36,(anonymous_0)
FN:37,(anonymous_1)
FN:56,(anonymous_2)
FN:57,(anonymous_3)
FN:103,(anonymous_4)
FN:112,(anonymous_5)
FN:120,(anonymous_6)
FN:127,(anonymous_7)
FN:133,(anonymous_8)
FNF:9
FNH:0
FNDA:0,(anonymous_0)
FNDA:0,(anonymous_1)
FNDA:0,(anonymous_2)
FNDA:0,(anonymous_3)
FNDA:0,(anonymous_4)
FNDA:0,(anonymous_5)
FNDA:0,(anonymous_6)
FNDA:0,(anonymous_7)
FNDA:0,(anonymous_8)
DA:4,1
DA:14,1
DA:20,1
DA:36,0
DA:37,0
DA:40,1
DA:56,0
DA:57,0
DA:60,1
DA:79,1
DA:95,1
DA:104,0
DA:105,0
DA:106,0
DA:109,0
DA:113,0
DA:117,0
DA:121,0
DA:122,0
DA:123,0
DA:124,0
DA:127,0
DA:133,0
LF:23
LH:7
BRDA:36,0,0,0
BRDA:36,0,1,0
BRDA:37,1,0,0
BRDA:37,1,1,0
BRDA:56,2,0,0
BRDA:56,2,1,0
BRDA:57,3,0,0
BRDA:57,3,1,0
BRDA:122,4,0,0
BRDA:122,4,1,0
BRDA:123,5,0,0
BRDA:123,5,1,0
BRF:12
BRH:0
end_of_record
TN:
SF:client/components/calendarCarousel.jsx
FN:9,(anonymous_0)
FN:33,(anonymous_1)
FN:56,(anonymous_2)
FN:57,(anonymous_3)
FN:62,(anonymous_4)
FN:63,(anonymous_5)
FN:68,(anonymous_6)
FN:77,(anonymous_7)
FNF:8
FNH:0
FNDA:0,(anonymous_0)
FNDA:0,(anonymous_1)
FNDA:0,(anonymous_2)
FNDA:0,(anonymous_3)
FNDA:0,(anonymous_4)
FNDA:0,(anonymous_5)
FNDA:0,(anonymous_6)
FNDA:0,(anonymous_7)
DA:5,1
DA:9,0
DA:13,1
DA:18,1
DA:25,1
DA:34,0
DA:35,0
DA:38,0
DA:52,0
DA:53,0
DA:57,0
DA:63,0
DA:69,0
DA:70,0
DA:71,0
DA:72,0
DA:78,0
LF:17
LH:4
BRF:0
BRH:0
end_of_record
TN:
SF:client/components/calendarCell.jsx
FN:5,(anonymous_0)
FN:7,(anonymous_1)
FN:8,(anonymous_2)
FN:88,(anonymous_3)
FN:93,(anonymous_4)
FN:100,(anonymous_5)
FN:122,(anonymous_6)
FN:123,(anonymous_7)
FN:135,(anonymous_8)
FN:136,(anonymous_9)
FN:148,(anonymous_10)
FN:149,(anonymous_11)
FNF:12
FNH:0
FNDA:0,(anonymous_0)
FNDA:0,(anonymous_1)
FNDA:0,(anonymous_2)
FNDA:0,(anonymous_3)
FNDA:0,(anonymous_4)
FNDA:0,(anonymous_5)
FNDA:0,(anonymous_6)
FNDA:0,(anonymous_7)
FNDA:0,(anonymous_8)
FNDA:0,(anonymous_9)
FNDA:0,(anonymous_10)
FNDA:0,(anonymous_11)
DA:4,1
DA:5,0
DA:7,0
DA:8,0
DA:13,1
DA:34,1
DA:51,1
DA:68,1
DA:89,0
DA:90,0
DA:94,0
DA:95,0
DA:96,0
DA:97,0
DA:101,0
DA:102,0
DA:103,0
DA:104,0
DA:105,0
DA:106,0
DA:107,0
DA:108,0
DA:109,0
DA:117,0
DA:118,0
DA:122,0
DA:123,0
DA:130,0
DA:131,0
DA:135,0
DA:136,0
DA:143,0
DA:144,0
DA:148,0
DA:149,0
DA:156,0
DA:162,0
LF:37
LH:5
BRDA:5,0,0,0
BRDA:5,0,1,0
BRDA:7,1,0,0
BRDA:7,1,1,0
BRDA:8,2,0,0
BRDA:8,2,1,0
BRDA:102,3,0,0
BRDA:102,3,1,0
BRDA:108,4,0,0
BRDA:108,4,1,0
BRDA:108,5,0,0
BRDA:108,5,1,0
BRDA:108,5,2,0
BRDA:108,5,3,0
BRDA:117,6,0,0
BRDA:117,6,1,0
BRDA:117,7,0,0
BRDA:117,7,1,0
BRDA:117,7,2,0
BRDA:117,7,3,0
BRDA:130,8,0,0
BRDA:130,8,1,0
BRDA:130,9,0,0
BRDA:130,9,1,0
BRDA:130,9,2,0
BRDA:130,9,3,0
BRDA:143,10,0,0
BRDA:143,10,1,0
BRF:28
BRH:0
end_of_record
TN:
SF:client/components/calendarRow.jsx
FN:5,(anonymous_0)
FNF:1
FNH:0
FNDA:0,(anonymous_0)
DA:5,1
DA:6,0
DA:7,0
DA:8,0
DA:9,0
DA:18,0
DA:21,0
LF:7
LH:1
BRDA:8,0,0,0
BRDA:8,0,1,0
BRF:2
BRH:0
end_of_record
TN:
SF:client/components/calendarTable.jsx
FN:59,(anonymous_0)
FN:71,(anonymous_1)
FNF:2
FNH:0
FNDA:0,(anonymous_0)
FNDA:0,(anonymous_1)
DA:5,1
DA:15,1
DA:23,1
DA:28,1
DA:37,1
DA:43,1
DA:48,1
DA:60,0
DA:61,0
DA:62,0
DA:63,0
DA:64,0
DA:65,0
DA:66,0
DA:69,0
DA:70,0
DA:71,0
DA:73,0
DA:82,0
DA:85,0
LF:20
LH:7
BRDA:65,0,0,0
BRDA:65,0,1,0
BRDA:71,1,0,0
BRDA:71,1,1,0
BRF:4
BRH:0
end_of_record
TN:
SF:client/components/checkoutBox.jsx
FN:28,(anonymous_0)
FN:37,(anonymous_1)
FN:56,(anonymous_2)
FNF:3
FNH:2
FNDA:1,(anonymous_0)
FNDA:0,(anonymous_1)
FNDA:1,(anonymous_2)
DA:5,1
DA:22,1
DA:29,1
DA:30,1
DA:34,1
DA:38,0
DA:39,0
DA:40,0
DA:47,0
DA:57,1
DA:58,1
DA:59,1
LF:12
LH:8
BRDA:39,0,0,0
BRDA:39,0,1,0
BRF:2
BRH:0
end_of_record
TN:
SF:client/components/guestMenu.jsx
FN:22,(anonymous_0)
FN:28,(anonymous_1)
FN:32,(anonymous_2)
FN:36,(anonymous_3)
FN:43,(anonymous_4)
FNF:5
FNH:0
FNDA:0,(anonymous_0)
FNDA:0,(anonymous_1)
FNDA:0,(anonymous_2)
FNDA:0,(anonymous_3)
FNDA:0,(anonymous_4)
DA:4,1
DA:23,0
DA:24,0
DA:25,0
DA:29,0
DA:33,0
DA:37,0
DA:38,0
DA:39,0
DA:44,0
LF:10
LH:1
BRDA:38,0,0,0
BRDA:38,0,1,0
BRDA:38,1,0,0
BRDA:38,1,1,0
BRF:4
BRH:0
end_of_record
TN:
SF:client/components/inputBox.jsx
FN:34,(anonymous_0)
FN:55,(anonymous_1)
FN:60,(anonymous_2)
FN:62,(anonymous_3)
FNF:4
FNH:1
FNDA:1,(anonymous_0)
FNDA:0,(anonymous_1)
FNDA:0,(anonymous_2)
FNDA:0,(anonymous_3)
DA:6,1
DA:14,1
DA:22,1
DA:27,1
DA:34,1
DA:35,1
DA:36,1
DA:38,1
DA:49,1
DA:50,1
DA:51,1
DA:55,0
DA:60,0
DA:62,0
LF:14
LH:11
BRDA:49,0,0,0
BRDA:49,0,1,1
BRDA:50,1,0,0
BRDA:50,1,1,1
BRF:4
BRH:2
end_of_record
TN:
SF:client/components/navBar.jsx
FN:17,(anonymous_0)
FNF:1
FNH:0
FNDA:0,(anonymous_0)
DA:4,1
DA:17,1
DA:18,0
LF:3
LH:2
BRF:0
BRH:0
end_of_record
